<?xml version="1.0" encoding="UTF-8"?>
<coverage generated="1554900872829" clover="3.2.0">
  <project timestamp="1554900872830" name="All files">
    <metrics statements="13" coveredstatements="13" conditionals="4" coveredconditionals="4" methods="2" coveredmethods="2" elements="19" coveredelements="19" complexity="0" loc="13" ncloc="13" packages="1" files="1" classes="1"/>
    <file name="filterMovies.js" path="/Users/joe.brady@uk.ibm.com/Desktop/repos/tdd/filterMovies.js">
      <metrics statements="13" coveredstatements="13" conditionals="4" coveredconditionals="4" methods="2" coveredmethods="2"/>
      <line num="1" count="1" type="stmt"/>
      <line num="2" count="7" type="cond" truecount="2" falsecount="0"/>
      <line num="3" count="6" type="stmt"/>
      <line num="4" count="30" type="stmt"/>
      <line num="6" count="30" type="stmt"/>
      <line num="7" count="25" type="cond" truecount="2" falsecount="0"/>
      <line num="8" count="13" type="stmt"/>
      <line num="12" count="30" type="stmt"/>
      <line num="15" count="6" type="stmt"/>
      <line num="17" count="6" type="stmt"/>
      <line num="19" count="6" type="stmt"/>
      <line num="21" count="1" type="stmt"/>
      <line num="25" count="1" type="stmt"/>
    </file>
  </project>
</coverage>
