{"/Users/joe.brady@uk.ibm.com/Desktop/repos/tdd/filterMovies.js": {"path":"/Users/joe.brady@uk.ibm.com/Desktop/repos/tdd/filterMovies.js","statementMap":{"0":{"start":{"line":1,"column":21},"end":{"line":23,"column":1}},"1":{"start":{"line":2,"column":2},"end":{"line":22,"column":3}},"2":{"start":{"line":3,"column":24},"end":{"line":13,"column":5}},"3":{"start":{"line":4,"column":25},"end":{"line":4,"column":29}},"4":{"start":{"line":6,"column":6},"end":{"line":10,"column":7}},"5":{"start":{"line":7,"column":8},"end":{"line":9,"column":9}},"6":{"start":{"line":8,"column":10},"end":{"line":8,"column":31}},"7":{"start":{"line":12,"column":6},"end":{"line":12,"column":26}},"8":{"start":{"line":15,"column":27},"end":{"line":15,"column":53}},"9":{"start":{"line":17,"column":25},"end":{"line":17,"column":58}},"10":{"start":{"line":19,"column":4},"end":{"line":19,"column":24}},"11":{"start":{"line":21,"column":4},"end":{"line":21,"column":45}},"12":{"start":{"line":25,"column":0},"end":{"line":25,"column":30}}},"fnMap":{"0":{"name":"(anonymous_0)","decl":{"start":{"line":1,"column":21},"end":{"line":1,"column":22}},"loc":{"start":{"line":1,"column":51},"end":{"line":23,"column":1}},"line":1},"1":{"name":"(anonymous_1)","decl":{"start":{"line":3,"column":24},"end":{"line":3,"column":25}},"loc":{"start":{"line":3,"column":33},"end":{"line":13,"column":5}},"line":3}},"branchMap":{"0":{"loc":{"start":{"line":2,"column":2},"end":{"line":22,"column":3}},"type":"if","locations":[{"start":{"line":2,"column":2},"end":{"line":22,"column":3}},{"start":{"line":2,"column":2},"end":{"line":22,"column":3}}],"line":2},"1":{"loc":{"start":{"line":7,"column":8},"end":{"line":9,"column":9}},"type":"if","locations":[{"start":{"line":7,"column":8},"end":{"line":9,"column":9}},{"start":{"line":7,"column":8},"end":{"line":9,"column":9}}],"line":7}},"s":{"0":1,"1":7,"2":6,"3":30,"4":30,"5":25,"6":13,"7":30,"8":6,"9":6,"10":6,"11":1,"12":1},"f":{"0":7,"1":30},"b":{"0":[6,1],"1":[13,12]},"_coverageSchema":"43e27e138ebf9cfc5966b082cf9a028302ed4184","hash":"1aa03680df840d71a003d581329eb78a1931861e"}
}
